# JRE version: OpenJDK Runtime Environment Temurin-21.0.5+11 (21.0.5+11) (build 21.0.5+11-LTS)
# Java VM: OpenJDK 64-Bit Server VM Temurin-21.0.5+11 (21.0.5+11-LTS, mixed mode, emulated-client, sharing, tiered, compressed oops, compressed class ptrs, g1 gc, windows-amd64)
GC Precious Log:
 CardTable entry size: 512
 Card Set container configuration: InlinePtr #cards 4 size 8 Array Of Cards #cards 16 size 48 Howl #buckets 8 coarsen threshold 3686 Howl Bitmap #cards 512 size 80 coarsen threshold 460 Card regions per heap region 1 cards per card region 4096
 CPUs: 6 total, 6 available
 Memory: 16158M
 Large Page Support: Disabled
 NUMA Support: Disabled
 Compressed Oops: Enabled (Zero based)
 Heap Region Size: 2M
 Heap Min Capacity: 8M
 Heap Initial Capacity: 254M
 Heap Max Capacity: 4040M
 Pre-touch: Disabled
 Parallel Workers: 6
 Concurrent Workers: 2
 Concurrent Refinement Workers: 6
 Periodic GC: Disabled
Heap:
 garbage-first heap   total 192512K, used 163451K [0x0000000703800000, 0x0000000800000000)
  region size 2048K, 44 young (90112K), 1 survivors (2048K)
 Metaspace       used 114705K, committed 115840K, reserved 1179648K
  class space    used 15265K, committed 15808K, reserved 1048576K
GC Heap History (20 events):
Event: 8467.397 GC heap after
{Heap after GC invocations=370 (full 16):
 garbage-first heap   total 217088K, used 82816K [0x0000000703800000, 0x0000000800000000)
  region size 2048K, 3 young (6144K), 3 survivors (6144K)
 Metaspace       used 114290K, committed 115648K, reserved 1179648K
  class space    used 15221K, committed 15808K, reserved 1048576K
}
Event: 8544.300 GC heap before
{Heap before GC invocations=371 (full 16):
 garbage-first heap   total 217088K, used 195456K [0x0000000703800000, 0x0000000800000000)
  region size 2048K, 58 young (118784K), 3 survivors (6144K)
 Metaspace       used 114504K, committed 115712K, reserved 1179648K
  class space    used 15239K, committed 15808K, reserved 1048576K
}
Event: 8544.305 GC heap after
{Heap after GC invocations=372 (full 16):
 garbage-first heap   total 217088K, used 84892K [0x0000000703800000, 0x0000000800000000)
  region size 2048K, 4 young (8192K), 4 survivors (8192K)
 Metaspace       used 114504K, committed 115712K, reserved 1179648K
  class space    used 15239K, committed 15808K, reserved 1048576K
}
Event: 8544.307 GC heap before
{Heap before GC invocations=372 (full 16):
 garbage-first heap   total 217088K, used 84892K [0x0000000703800000, 0x0000000800000000)
  region size 2048K, 5 young (10240K), 4 survivors (8192K)
 Metaspace       used 114504K, committed 115712K, reserved 1179648K
  class space    used 15239K, committed 15808K, reserved 1048576K
}
Event: 8544.375 GC heap after
{Heap after GC invocations=373 (full 17):
 garbage-first heap   total 192512K, used 51664K [0x0000000703800000, 0x0000000800000000)
  region size 2048K, 0 young (0K), 0 survivors (0K)
 Metaspace       used 110562K, committed 113856K, reserved 1179648K
  class space    used 14877K, committed 15808K, reserved 1048576K
}
Event: 8551.291 GC heap before
{Heap before GC invocations=373 (full 17):
 garbage-first heap   total 192512K, used 164304K [0x0000000703800000, 0x0000000800000000)
  region size 2048K, 56 young (114688K), 0 survivors (0K)
 Metaspace       used 111866K, committed 113856K, reserved 1179648K
  class space    used 15014K, committed 15808K, reserved 1048576K
}
Event: 8551.296 GC heap after
{Heap after GC invocations=374 (full 17):
 garbage-first heap   total 192512K, used 60302K [0x0000000703800000, 0x0000000800000000)
  region size 2048K, 5 young (10240K), 5 survivors (10240K)
 Metaspace       used 111866K, committed 113856K, reserved 1179648K
  class space    used 15014K, committed 15808K, reserved 1048576K
}
Event: 8559.171 GC heap before
{Heap before GC invocations=375 (full 17):
 garbage-first heap   total 192512K, used 162702K [0x0000000703800000, 0x0000000800000000)
  region size 2048K, 55 young (112640K), 5 survivors (10240K)
 Metaspace       used 112407K, committed 113984K, reserved 1179648K
  class space    used 15093K, committed 15808K, reserved 1048576K
}
Event: 8559.178 GC heap after
{Heap after GC invocations=376 (full 17):
 garbage-first heap   total 192512K, used 59426K [0x0000000703800000, 0x0000000800000000)
  region size 2048K, 4 young (8192K), 4 survivors (8192K)
 Metaspace       used 112407K, committed 113984K, reserved 1179648K
  class space    used 15093K, committed 15808K, reserved 1048576K
}
Event: 8560.852 GC heap before
{Heap before GC invocations=376 (full 17):
 garbage-first heap   total 192512K, used 149538K [0x0000000703800000, 0x0000000800000000)
  region size 2048K, 50 young (102400K), 4 survivors (8192K)
 Metaspace       used 113296K, committed 114560K, reserved 1179648K
  class space    used 15161K, committed 15808K, reserved 1048576K
}
Event: 8560.857 GC heap after
{Heap after GC invocations=377 (full 17):
 garbage-first heap   total 192512K, used 64808K [0x0000000703800000, 0x0000000800000000)
  region size 2048K, 6 young (12288K), 6 survivors (12288K)
 Metaspace       used 113296K, committed 114560K, reserved 1179648K
  class space    used 15161K, committed 15808K, reserved 1048576K
}
Event: 8578.978 GC heap before
{Heap before GC invocations=378 (full 17):
 garbage-first heap   total 192512K, used 161064K [0x0000000703800000, 0x0000000800000000)
  region size 2048K, 53 young (108544K), 6 survivors (12288K)
 Metaspace       used 113804K, committed 114944K, reserved 1179648K
  class space    used 15218K, committed 15808K, reserved 1048576K
}
Event: 8578.985 GC heap after
{Heap after GC invocations=379 (full 17):
 garbage-first heap   total 192512K, used 68483K [0x0000000703800000, 0x0000000800000000)
  region size 2048K, 5 young (10240K), 5 survivors (10240K)
 Metaspace       used 113804K, committed 114944K, reserved 1179648K
  class space    used 15218K, committed 15808K, reserved 1048576K
}
Event: 8579.062 GC heap before
{Heap before GC invocations=379 (full 17):
 garbage-first heap   total 192512K, used 68483K [0x0000000703800000, 0x0000000800000000)
  region size 2048K, 6 young (12288K), 5 survivors (10240K)
 Metaspace       used 113804K, committed 114944K, reserved 1179648K
  class space    used 15218K, committed 15808K, reserved 1048576K
}
Event: 8579.067 GC heap after
{Heap after GC invocations=380 (full 17):
 garbage-first heap   total 192512K, used 69669K [0x0000000703800000, 0x0000000800000000)
  region size 2048K, 3 young (6144K), 3 survivors (6144K)
 Metaspace       used 113804K, committed 114944K, reserved 1179648K
  class space    used 15218K, committed 15808K, reserved 1048576K
}
Event: 8581.681 GC heap before
{Heap before GC invocations=381 (full 17):
 garbage-first heap   total 192512K, used 151589K [0x0000000703800000, 0x0000000800000000)
  region size 2048K, 43 young (88064K), 3 survivors (6144K)
 Metaspace       used 114688K, committed 115776K, reserved 1179648K
  class space    used 15263K, committed 15808K, reserved 1048576K
}
Event: 8581.695 GC heap after
{Heap after GC invocations=382 (full 17):
 garbage-first heap   total 192512K, used 74624K [0x0000000703800000, 0x0000000800000000)
  region size 2048K, 5 young (10240K), 5 survivors (10240K)
 Metaspace       used 114688K, committed 115776K, reserved 1179648K
  class space    used 15263K, committed 15808K, reserved 1048576K
}
Event: 8754.376 GC heap before
{Heap before GC invocations=382 (full 17):
 garbage-first heap   total 192512K, used 156544K [0x0000000703800000, 0x0000000800000000)
  region size 2048K, 45 young (92160K), 5 survivors (10240K)
 Metaspace       used 114692K, committed 115776K, reserved 1179648K
  class space    used 15264K, committed 15808K, reserved 1048576K
}
Event: 8754.380 GC heap after
{Heap after GC invocations=383 (full 17):
 garbage-first heap   total 192512K, used 75387K [0x0000000703800000, 0x0000000800000000)
  region size 2048K, 1 young (2048K), 1 survivors (2048K)
 Metaspace       used 114692K, committed 115776K, reserved 1179648K
  class space    used 15264K, committed 15808K, reserved 1048576K
}
Event: 8940.557 GC heap before
{Heap before GC invocations=383 (full 17):
 garbage-first heap   total 192512K, used 163451K [0x0000000703800000, 0x0000000800000000)
  region size 2048K, 44 young (90112K), 1 survivors (2048K)
 Metaspace       used 114705K, committed 115840K, reserved 1179648K
  class space    used 15265K, committed 15808K, reserved 1048576K
}

