# JRE version: OpenJDK Runtime Environment Temurin-21.0.5+11 (21.0.5+11) (build 21.0.5+11-LTS)
# Java VM: OpenJDK 64-Bit Server VM Temurin-21.0.5+11 (21.0.5+11-LTS, mixed mode, emulated-client, sharing, tiered, compressed oops, compressed class ptrs, g1 gc, windows-amd64)
GC Precious Log:
 CardTable entry size: 512
 Card Set container configuration: InlinePtr #cards 4 size 8 Array Of Cards #cards 16 size 48 Howl #buckets 8 coarsen threshold 3686 Howl Bitmap #cards 512 size 80 coarsen threshold 460 Card regions per heap region 1 cards per card region 4096
 CPUs: 6 total, 6 available
 Memory: 16158M
 Large Page Support: Disabled
 NUMA Support: Disabled
 Compressed Oops: Enabled (Zero based)
 Heap Region Size: 2M
 Heap Min Capacity: 8M
 Heap Initial Capacity: 254M
 Heap Max Capacity: 4040M
 Pre-touch: Disabled
 Parallel Workers: 6
 Concurrent Workers: 2
 Concurrent Refinement Workers: 6
 Periodic GC: Disabled
Heap:
 garbage-first heap   total 198656K, used 172362K [0x0000000703800000, 0x0000000800000000)
  region size 2048K, 50 young (102400K), 4 survivors (8192K)
 Metaspace       used 126998K, committed 128000K, reserved 1179648K
  class space    used 16377K, committed 16832K, reserved 1048576K
GC Heap History (20 events):
Event: 9134.051 GC heap after
{Heap after GC invocations=281 (full 10):
 garbage-first heap   total 243712K, used 85580K [0x0000000703800000, 0x0000000800000000)
  region size 2048K, 4 young (8192K), 4 survivors (8192K)
 Metaspace       used 122781K, committed 123776K, reserved 1179648K
  class space    used 15983K, committed 16448K, reserved 1048576K
}
Event: 9195.882 GC heap before
{Heap before GC invocations=282 (full 10):
 garbage-first heap   total 243712K, used 169548K [0x0000000703800000, 0x0000000800000000)
  region size 2048K, 46 young (94208K), 4 survivors (8192K)
 Metaspace       used 122789K, committed 123776K, reserved 1179648K
  class space    used 15984K, committed 16448K, reserved 1048576K
}
Event: 9195.942 GC heap after
{Heap after GC invocations=283 (full 11):
 garbage-first heap   total 198656K, used 56598K [0x0000000703800000, 0x0000000800000000)
  region size 2048K, 0 young (0K), 0 survivors (0K)
 Metaspace       used 122787K, committed 123776K, reserved 1179648K
  class space    used 15983K, committed 16448K, reserved 1048576K
}
Event: 9196.838 GC heap before
{Heap before GC invocations=283 (full 11):
 garbage-first heap   total 198656K, used 163094K [0x0000000703800000, 0x0000000800000000)
  region size 2048K, 53 young (108544K), 0 survivors (0K)
 Metaspace       used 124116K, committed 125056K, reserved 1179648K
  class space    used 16120K, committed 16576K, reserved 1048576K
}
Event: 9196.843 GC heap after
{Heap after GC invocations=284 (full 11):
 garbage-first heap   total 198656K, used 65349K [0x0000000703800000, 0x0000000800000000)
  region size 2048K, 5 young (10240K), 5 survivors (10240K)
 Metaspace       used 124116K, committed 125056K, reserved 1179648K
  class space    used 16120K, committed 16576K, reserved 1048576K
}
Event: 9283.023 GC heap before
{Heap before GC invocations=285 (full 11):
 garbage-first heap   total 198656K, used 171845K [0x0000000703800000, 0x0000000800000000)
  region size 2048K, 57 young (116736K), 5 survivors (10240K)
 Metaspace       used 124170K, committed 125120K, reserved 1179648K
  class space    used 16127K, committed 16576K, reserved 1048576K
}
Event: 9283.025 GC heap after
{Heap after GC invocations=286 (full 11):
 garbage-first heap   total 198656K, used 58942K [0x0000000703800000, 0x0000000800000000)
  region size 2048K, 2 young (4096K), 2 survivors (4096K)
 Metaspace       used 124170K, committed 125120K, reserved 1179648K
  class space    used 16127K, committed 16576K, reserved 1048576K
}
Event: 9373.624 GC heap before
{Heap before GC invocations=286 (full 11):
 garbage-first heap   total 198656K, used 173630K [0x0000000703800000, 0x0000000800000000)
  region size 2048K, 58 young (118784K), 2 survivors (4096K)
 Metaspace       used 124170K, committed 125120K, reserved 1179648K
  class space    used 16127K, committed 16576K, reserved 1048576K
}
Event: 9373.627 GC heap after
{Heap after GC invocations=287 (full 11):
 garbage-first heap   total 198656K, used 58763K [0x0000000703800000, 0x0000000800000000)
  region size 2048K, 2 young (4096K), 2 survivors (4096K)
 Metaspace       used 124170K, committed 125120K, reserved 1179648K
  class space    used 16127K, committed 16576K, reserved 1048576K
}
Event: 9399.238 GC heap before
{Heap before GC invocations=287 (full 11):
 garbage-first heap   total 198656K, used 173451K [0x0000000703800000, 0x0000000800000000)
  region size 2048K, 58 young (118784K), 2 survivors (4096K)
 Metaspace       used 125322K, committed 126336K, reserved 1179648K
  class space    used 16244K, committed 16704K, reserved 1048576K
}
Event: 9399.242 GC heap after
{Heap after GC invocations=288 (full 11):
 garbage-first heap   total 198656K, used 64432K [0x0000000703800000, 0x0000000800000000)
  region size 2048K, 4 young (8192K), 4 survivors (8192K)
 Metaspace       used 125322K, committed 126336K, reserved 1179648K
  class space    used 16244K, committed 16704K, reserved 1048576K
}
Event: 9401.673 GC heap before
{Heap before GC invocations=289 (full 11):
 garbage-first heap   total 198656K, used 162736K [0x0000000703800000, 0x0000000800000000)
  region size 2048K, 54 young (110592K), 4 survivors (8192K)
 Metaspace       used 125642K, committed 126656K, reserved 1179648K
  class space    used 16276K, committed 16768K, reserved 1048576K
}
Event: 9401.679 GC heap after
{Heap after GC invocations=290 (full 11):
 garbage-first heap   total 198656K, used 70888K [0x0000000703800000, 0x0000000800000000)
  region size 2048K, 7 young (14336K), 7 survivors (14336K)
 Metaspace       used 125642K, committed 126656K, reserved 1179648K
  class space    used 16276K, committed 16768K, reserved 1048576K
}
Event: 9417.112 GC heap before
{Heap before GC invocations=291 (full 11):
 garbage-first heap   total 198656K, used 169192K [0x0000000703800000, 0x0000000800000000)
  region size 2048K, 55 young (112640K), 7 survivors (14336K)
 Metaspace       used 126145K, committed 127104K, reserved 1179648K
  class space    used 16324K, committed 16768K, reserved 1048576K
}
Event: 9417.119 GC heap after
{Heap after GC invocations=292 (full 11):
 garbage-first heap   total 198656K, used 73400K [0x0000000703800000, 0x0000000800000000)
  region size 2048K, 5 young (10240K), 5 survivors (10240K)
 Metaspace       used 126145K, committed 127104K, reserved 1179648K
  class space    used 16324K, committed 16768K, reserved 1048576K
}
Event: 9417.373 GC heap before
{Heap before GC invocations=292 (full 11):
 garbage-first heap   total 198656K, used 106168K [0x0000000703800000, 0x0000000800000000)
  region size 2048K, 22 young (45056K), 5 survivors (10240K)
 Metaspace       used 126596K, committed 127616K, reserved 1179648K
  class space    used 16354K, committed 16832K, reserved 1048576K
}
Event: 9417.378 GC heap after
{Heap after GC invocations=293 (full 11):
 garbage-first heap   total 198656K, used 75338K [0x0000000703800000, 0x0000000800000000)
  region size 2048K, 4 young (8192K), 4 survivors (8192K)
 Metaspace       used 126596K, committed 127616K, reserved 1179648K
  class space    used 16354K, committed 16832K, reserved 1048576K
}
Event: 9464.861 GC heap before
{Heap before GC invocations=294 (full 11):
 garbage-first heap   total 198656K, used 173642K [0x0000000703800000, 0x0000000800000000)
  region size 2048K, 52 young (106496K), 4 survivors (8192K)
 Metaspace       used 126998K, committed 128000K, reserved 1179648K
  class space    used 16377K, committed 16832K, reserved 1048576K
}
Event: 9464.866 GC heap after
{Heap after GC invocations=295 (full 11):
 garbage-first heap   total 198656K, used 78154K [0x0000000703800000, 0x0000000800000000)
  region size 2048K, 5 young (10240K), 5 survivors (10240K)
 Metaspace       used 126998K, committed 128000K, reserved 1179648K
  class space    used 16377K, committed 16832K, reserved 1048576K
}
Event: 9538.550 GC heap before
{Heap before GC invocations=295 (full 11):
 garbage-first heap   total 198656K, used 172362K [0x0000000703800000, 0x0000000800000000)
  region size 2048K, 51 young (104448K), 5 survivors (10240K)
 Metaspace       used 126998K, committed 128000K, reserved 1179648K
  class space    used 16377K, committed 16832K, reserved 1048576K
}

