# JRE version: OpenJDK Runtime Environment Temurin-21.0.5+11 (21.0.5+11) (build 21.0.5+11-LTS)
# Java VM: OpenJDK 64-Bit Server VM Temurin-21.0.5+11 (21.0.5+11-LTS, mixed mode, emulated-client, sharing, tiered, compressed oops, compressed class ptrs, g1 gc, windows-amd64)
GC Precious Log:
 CardTable entry size: 512
 Card Set container configuration: InlinePtr #cards 4 size 8 Array Of Cards #cards 16 size 48 Howl #buckets 8 coarsen threshold 3686 Howl Bitmap #cards 512 size 80 coarsen threshold 460 Card regions per heap region 1 cards per card region 4096
 CPUs: 6 total, 6 available
 Memory: 16158M
 Large Page Support: Disabled
 NUMA Support: Disabled
 Compressed Oops: Enabled (Zero based)
 Heap Region Size: 2M
 Heap Min Capacity: 8M
 Heap Initial Capacity: 254M
 Heap Max Capacity: 4040M
 Pre-touch: Disabled
 Parallel Workers: 6
 Concurrent Workers: 2
 Concurrent Refinement Workers: 6
 Periodic GC: Disabled
Heap:
 garbage-first heap   total 212992K, used 158152K [0x0000000703800000, 0x0000000800000000)
  region size 2048K, 44 young (90112K), 5 survivors (10240K)
 Metaspace       used 121849K, committed 122816K, reserved 1179648K
  class space    used 16182K, committed 16640K, reserved 1048576K
GC Heap History (20 events):
Event: 2046.393 GC heap before
{Heap before GC invocations=169 (full 5):
 garbage-first heap   total 348160K, used 296251K [0x0000000703800000, 0x0000000800000000)
  region size 2048K, 79 young (161792K), 3 survivors (6144K)
 Metaspace       used 121958K, committed 122944K, reserved 1179648K
  class space    used 16169K, committed 16640K, reserved 1048576K
}
Event: 2046.397 GC heap after
{Heap after GC invocations=170 (full 5):
 garbage-first heap   total 348160K, used 140916K [0x0000000703800000, 0x0000000800000000)
  region size 2048K, 3 young (6144K), 3 survivors (6144K)
 Metaspace       used 121958K, committed 122944K, reserved 1179648K
  class space    used 16169K, committed 16640K, reserved 1048576K
}
Event: 2593.634 GC heap before
{Heap before GC invocations=170 (full 5):
 garbage-first heap   total 348160K, used 304756K [0x0000000703800000, 0x0000000800000000)
  region size 2048K, 83 young (169984K), 3 survivors (6144K)
 Metaspace       used 121958K, committed 122944K, reserved 1179648K
  class space    used 16169K, committed 16640K, reserved 1048576K
}
Event: 2593.638 GC heap after
{Heap after GC invocations=171 (full 5):
 garbage-first heap   total 348160K, used 128372K [0x0000000703800000, 0x0000000800000000)
  region size 2048K, 3 young (6144K), 3 survivors (6144K)
 Metaspace       used 121958K, committed 122944K, reserved 1179648K
  class space    used 16169K, committed 16640K, reserved 1048576K
}
Event: 3183.011 GC heap before
{Heap before GC invocations=171 (full 5):
 garbage-first heap   total 348160K, used 308596K [0x0000000703800000, 0x0000000800000000)
  region size 2048K, 91 young (186368K), 3 survivors (6144K)
 Metaspace       used 122111K, committed 123072K, reserved 1179648K
  class space    used 16199K, committed 16640K, reserved 1048576K
}
Event: 3183.020 GC heap after
{Heap after GC invocations=172 (full 5):
 garbage-first heap   total 348160K, used 128333K [0x0000000703800000, 0x0000000800000000)
  region size 2048K, 3 young (6144K), 3 survivors (6144K)
 Metaspace       used 122111K, committed 123072K, reserved 1179648K
  class space    used 16199K, committed 16640K, reserved 1048576K
}
Event: 3771.200 GC heap before
{Heap before GC invocations=173 (full 5):
 garbage-first heap   total 348160K, used 306509K [0x0000000703800000, 0x0000000800000000)
  region size 2048K, 93 young (190464K), 3 survivors (6144K)
 Metaspace       used 117463K, committed 121408K, reserved 1179648K
  class space    used 15778K, committed 16640K, reserved 1048576K
}
Event: 3771.206 GC heap after
{Heap after GC invocations=174 (full 5):
 garbage-first heap   total 348160K, used 122986K [0x0000000703800000, 0x0000000800000000)
  region size 2048K, 4 young (8192K), 4 survivors (8192K)
 Metaspace       used 117463K, committed 121408K, reserved 1179648K
  class space    used 15778K, committed 16640K, reserved 1048576K
}
Event: 4413.886 GC heap before
{Heap before GC invocations=174 (full 5):
 garbage-first heap   total 348160K, used 315498K [0x0000000703800000, 0x0000000800000000)
  region size 2048K, 98 young (200704K), 4 survivors (8192K)
 Metaspace       used 117463K, committed 121408K, reserved 1179648K
  class space    used 15778K, committed 16640K, reserved 1048576K
}
Event: 4413.892 GC heap after
{Heap after GC invocations=175 (full 5):
 garbage-first heap   total 348160K, used 92877K [0x0000000703800000, 0x0000000800000000)
  region size 2048K, 4 young (8192K), 4 survivors (8192K)
 Metaspace       used 117463K, committed 121408K, reserved 1179648K
  class space    used 15778K, committed 16640K, reserved 1048576K
}
Event: 4949.741 GC heap before
{Heap before GC invocations=175 (full 5):
 garbage-first heap   total 348160K, used 256717K [0x0000000703800000, 0x0000000800000000)
  region size 2048K, 85 young (174080K), 4 survivors (8192K)
 Metaspace       used 117472K, committed 121408K, reserved 1179648K
  class space    used 15780K, committed 16640K, reserved 1048576K
}
Event: 4949.798 GC heap after
{Heap after GC invocations=176 (full 6):
 garbage-first heap   total 212992K, used 57638K [0x0000000703800000, 0x0000000800000000)
  region size 2048K, 0 young (0K), 0 survivors (0K)
 Metaspace       used 117452K, committed 121408K, reserved 1179648K
  class space    used 15775K, committed 16640K, reserved 1048576K
}
Event: 4951.181 GC heap before
{Heap before GC invocations=176 (full 6):
 garbage-first heap   total 212992K, used 182566K [0x0000000703800000, 0x0000000800000000)
  region size 2048K, 62 young (126976K), 0 survivors (0K)
 Metaspace       used 119065K, committed 121408K, reserved 1179648K
  class space    used 15956K, committed 16640K, reserved 1048576K
}
Event: 4951.186 GC heap after
{Heap after GC invocations=177 (full 6):
 garbage-first heap   total 212992K, used 67878K [0x0000000703800000, 0x0000000800000000)
  region size 2048K, 5 young (10240K), 5 survivors (10240K)
 Metaspace       used 119065K, committed 121408K, reserved 1179648K
  class space    used 15956K, committed 16640K, reserved 1048576K
}
Event: 4953.737 GC heap before
{Heap before GC invocations=178 (full 6):
 garbage-first heap   total 212992K, used 147750K [0x0000000703800000, 0x0000000800000000)
  region size 2048K, 45 young (92160K), 5 survivors (10240K)
 Metaspace       used 119327K, committed 121408K, reserved 1179648K
  class space    used 15990K, committed 16640K, reserved 1048576K
}
Event: 4953.744 GC heap after
{Heap after GC invocations=179 (full 6):
 garbage-first heap   total 212992K, used 72169K [0x0000000703800000, 0x0000000800000000)
  region size 2048K, 3 young (6144K), 3 survivors (6144K)
 Metaspace       used 119327K, committed 121408K, reserved 1179648K
  class space    used 15990K, committed 16640K, reserved 1048576K
}
Event: 4969.449 GC heap before
{Heap before GC invocations=180 (full 6):
 garbage-first heap   total 212992K, used 186857K [0x0000000703800000, 0x0000000800000000)
  region size 2048K, 59 young (120832K), 3 survivors (6144K)
 Metaspace       used 120106K, committed 121408K, reserved 1179648K
  class space    used 16062K, committed 16640K, reserved 1048576K
}
Event: 4969.453 GC heap after
{Heap after GC invocations=181 (full 6):
 garbage-first heap   total 212992K, used 76998K [0x0000000703800000, 0x0000000800000000)
  region size 2048K, 5 young (10240K), 5 survivors (10240K)
 Metaspace       used 120106K, committed 121408K, reserved 1179648K
  class space    used 16062K, committed 16640K, reserved 1048576K
}
Event: 4969.688 GC heap before
{Heap before GC invocations=181 (full 6):
 garbage-first heap   total 212992K, used 113862K [0x0000000703800000, 0x0000000800000000)
  region size 2048K, 24 young (49152K), 5 survivors (10240K)
 Metaspace       used 120568K, committed 121728K, reserved 1179648K
  class space    used 16093K, committed 16640K, reserved 1048576K
}
Event: 4969.694 GC heap after
{Heap after GC invocations=182 (full 6):
 garbage-first heap   total 212992K, used 80328K [0x0000000703800000, 0x0000000800000000)
  region size 2048K, 5 young (10240K), 5 survivors (10240K)
 Metaspace       used 120568K, committed 121728K, reserved 1179648K
  class space    used 16093K, committed 16640K, reserved 1048576K
}

