# JRE version: OpenJDK Runtime Environment Temurin-21.0.5+11 (21.0.5+11) (build 21.0.5+11-LTS)
# Java VM: OpenJDK 64-Bit Server VM Temurin-21.0.5+11 (21.0.5+11-LTS, mixed mode, emulated-client, sharing, tiered, compressed oops, compressed class ptrs, g1 gc, windows-amd64)
GC Precious Log:
 CardTable entry size: 512
 Card Set container configuration: InlinePtr #cards 4 size 8 Array Of Cards #cards 16 size 48 Howl #buckets 8 coarsen threshold 3686 Howl Bitmap #cards 512 size 80 coarsen threshold 460 Card regions per heap region 1 cards per card region 4096
 CPUs: 6 total, 6 available
 Memory: 16158M
 Large Page Support: Disabled
 NUMA Support: Disabled
 Compressed Oops: Enabled (Zero based)
 Heap Region Size: 2M
 Heap Min Capacity: 8M
 Heap Initial Capacity: 254M
 Heap Max Capacity: 4040M
 Pre-touch: Disabled
 Parallel Workers: 6
 Concurrent Workers: 2
 Concurrent Refinement Workers: 6
 Periodic GC: Disabled
Heap:
 garbage-first heap   total 178176K, used 155347K [0x0000000703800000, 0x0000000800000000)
  region size 2048K, 45 young (92160K), 3 survivors (6144K)
 Metaspace       used 113868K, committed 115136K, reserved 1179648K
  class space    used 15235K, committed 15872K, reserved 1048576K
GC Heap History (20 events):
Event: 4687.710 GC heap after
{Heap after GC invocations=142 (full 4):
 garbage-first heap   total 327680K, used 94388K [0x0000000703800000, 0x0000000800000000)
  region size 2048K, 3 young (6144K), 3 survivors (6144K)
 Metaspace       used 110951K, committed 114432K, reserved 1179648K
  class space    used 14939K, committed 15872K, reserved 1048576K
}
Event: 5067.277 GC heap before
{Heap before GC invocations=142 (full 4):
 garbage-first heap   total 327680K, used 284852K [0x0000000703800000, 0x0000000800000000)
  region size 2048K, 96 young (196608K), 3 survivors (6144K)
 Metaspace       used 110951K, committed 114432K, reserved 1179648K
  class space    used 14939K, committed 15872K, reserved 1048576K
}
Event: 5067.284 GC heap after
{Heap after GC invocations=143 (full 4):
 garbage-first heap   total 327680K, used 74439K [0x0000000703800000, 0x0000000800000000)
  region size 2048K, 3 young (6144K), 3 survivors (6144K)
 Metaspace       used 110951K, committed 114432K, reserved 1179648K
  class space    used 14939K, committed 15872K, reserved 1048576K
}
Event: 5428.814 GC heap before
{Heap before GC invocations=143 (full 4):
 garbage-first heap   total 327680K, used 264903K [0x0000000703800000, 0x0000000800000000)
  region size 2048K, 96 young (196608K), 3 survivors (6144K)
 Metaspace       used 110955K, committed 114432K, reserved 1179648K
  class space    used 14940K, committed 15872K, reserved 1048576K
}
Event: 5428.817 GC heap after
{Heap after GC invocations=144 (full 4):
 garbage-first heap   total 327680K, used 75384K [0x0000000703800000, 0x0000000800000000)
  region size 2048K, 4 young (8192K), 4 survivors (8192K)
 Metaspace       used 110955K, committed 114432K, reserved 1179648K
  class space    used 14940K, committed 15872K, reserved 1048576K
}
Event: 5643.421 GC heap before
{Heap before GC invocations=145 (full 4):
 garbage-first heap   total 260096K, used 188024K [0x0000000703800000, 0x0000000800000000)
  region size 2048K, 60 young (122880K), 4 survivors (8192K)
 Metaspace       used 110978K, committed 114432K, reserved 1179648K
  class space    used 14945K, committed 15872K, reserved 1048576K
}
Event: 5643.489 GC heap after
{Heap after GC invocations=146 (full 5):
 garbage-first heap   total 178176K, used 47522K [0x0000000703800000, 0x0000000800000000)
  region size 2048K, 0 young (0K), 0 survivors (0K)
 Metaspace       used 110912K, committed 114432K, reserved 1179648K
  class space    used 14930K, committed 15872K, reserved 1048576K
}
Event: 5644.432 GC heap before
{Heap before GC invocations=146 (full 5):
 garbage-first heap   total 178176K, used 154018K [0x0000000703800000, 0x0000000800000000)
  region size 2048K, 52 young (106496K), 0 survivors (0K)
 Metaspace       used 112266K, committed 114432K, reserved 1179648K
  class space    used 15079K, committed 15872K, reserved 1048576K
}
Event: 5644.436 GC heap after
{Heap after GC invocations=147 (full 5):
 garbage-first heap   total 178176K, used 56655K [0x0000000703800000, 0x0000000800000000)
  region size 2048K, 5 young (10240K), 5 survivors (10240K)
 Metaspace       used 112266K, committed 114432K, reserved 1179648K
  class space    used 15079K, committed 15872K, reserved 1048576K
}
Event: 5645.272 GC heap before
{Heap before GC invocations=148 (full 5):
 garbage-first heap   total 178176K, used 130383K [0x0000000703800000, 0x0000000800000000)
  region size 2048K, 43 young (88064K), 5 survivors (10240K)
 Metaspace       used 112555K, committed 114432K, reserved 1179648K
  class space    used 15128K, committed 15872K, reserved 1048576K
}
Event: 5645.277 GC heap after
{Heap after GC invocations=149 (full 5):
 garbage-first heap   total 178176K, used 61605K [0x0000000703800000, 0x0000000800000000)
  region size 2048K, 3 young (6144K), 3 survivors (6144K)
 Metaspace       used 112555K, committed 114432K, reserved 1179648K
  class space    used 15128K, committed 15872K, reserved 1048576K
}
Event: 5661.173 GC heap before
{Heap before GC invocations=150 (full 5):
 garbage-first heap   total 178176K, used 153765K [0x0000000703800000, 0x0000000800000000)
  region size 2048K, 48 young (98304K), 3 survivors (6144K)
 Metaspace       used 113178K, committed 114624K, reserved 1179648K
  class space    used 15186K, committed 15872K, reserved 1048576K
}
Event: 5661.177 GC heap after
{Heap after GC invocations=151 (full 5):
 garbage-first heap   total 178176K, used 64523K [0x0000000703800000, 0x0000000800000000)
  region size 2048K, 4 young (8192K), 4 survivors (8192K)
 Metaspace       used 113178K, committed 114624K, reserved 1179648K
  class space    used 15186K, committed 15872K, reserved 1048576K
}
Event: 5661.339 GC heap before
{Heap before GC invocations=151 (full 5):
 garbage-first heap   total 178176K, used 87051K [0x0000000703800000, 0x0000000800000000)
  region size 2048K, 16 young (32768K), 4 survivors (8192K)
 Metaspace       used 113439K, committed 114880K, reserved 1179648K
  class space    used 15203K, committed 15872K, reserved 1048576K
}
Event: 5661.344 GC heap after
{Heap after GC invocations=152 (full 5):
 garbage-first heap   total 178176K, used 67115K [0x0000000703800000, 0x0000000800000000)
  region size 2048K, 4 young (8192K), 4 survivors (8192K)
 Metaspace       used 113439K, committed 114880K, reserved 1179648K
  class space    used 15203K, committed 15872K, reserved 1048576K
}
Event: 5834.804 GC heap before
{Heap before GC invocations=153 (full 5):
 garbage-first heap   total 178176K, used 144939K [0x0000000703800000, 0x0000000800000000)
  region size 2048K, 42 young (86016K), 4 survivors (8192K)
 Metaspace       used 113868K, committed 115136K, reserved 1179648K
  class space    used 15235K, committed 15872K, reserved 1048576K
}
Event: 5834.808 GC heap after
{Heap after GC invocations=154 (full 5):
 garbage-first heap   total 178176K, used 69726K [0x0000000703800000, 0x0000000800000000)
  region size 2048K, 5 young (10240K), 5 survivors (10240K)
 Metaspace       used 113868K, committed 115136K, reserved 1179648K
  class space    used 15235K, committed 15872K, reserved 1048576K
}
Event: 6152.312 GC heap before
{Heap before GC invocations=154 (full 5):
 garbage-first heap   total 178176K, used 149598K [0x0000000703800000, 0x0000000800000000)
  region size 2048K, 44 young (90112K), 5 survivors (10240K)
 Metaspace       used 113868K, committed 115136K, reserved 1179648K
  class space    used 15235K, committed 15872K, reserved 1048576K
}
Event: 6152.317 GC heap after
{Heap after GC invocations=155 (full 5):
 garbage-first heap   total 178176K, used 69331K [0x0000000703800000, 0x0000000800000000)
  region size 2048K, 3 young (6144K), 3 survivors (6144K)
 Metaspace       used 113868K, committed 115136K, reserved 1179648K
  class space    used 15235K, committed 15872K, reserved 1048576K
}
Event: 6493.436 GC heap before
{Heap before GC invocations=155 (full 5):
 garbage-first heap   total 178176K, used 155347K [0x0000000703800000, 0x0000000800000000)
  region size 2048K, 45 young (92160K), 3 survivors (6144K)
 Metaspace       used 113868K, committed 115136K, reserved 1179648K
  class space    used 15235K, committed 15872K, reserved 1048576K
}

