# JRE version: OpenJDK Runtime Environment Temurin-21.0.5+11 (21.0.5+11) (build 21.0.5+11-LTS)
# Java VM: OpenJDK 64-Bit Server VM Temurin-21.0.5+11 (21.0.5+11-LTS, mixed mode, emulated-client, sharing, tiered, compressed oops, compressed class ptrs, g1 gc, windows-amd64)
GC Precious Log:
 CardTable entry size: 512
 Card Set container configuration: InlinePtr #cards 4 size 8 Array Of Cards #cards 16 size 48 Howl #buckets 8 coarsen threshold 3686 Howl Bitmap #cards 512 size 80 coarsen threshold 460 Card regions per heap region 1 cards per card region 4096
 CPUs: 6 total, 6 available
 Memory: 16158M
 Large Page Support: Disabled
 NUMA Support: Disabled
 Compressed Oops: Enabled (Zero based)
 Heap Region Size: 2M
 Heap Min Capacity: 8M
 Heap Initial Capacity: 254M
 Heap Max Capacity: 4040M
 Pre-touch: Disabled
 Parallel Workers: 6
 Concurrent Workers: 2
 Concurrent Refinement Workers: 6
 Periodic GC: Disabled
Heap:
 garbage-first heap   total 294912K, used 266355K [0x0000000703800000, 0x0000000800000000)
  region size 2048K, 79 young (161792K), 5 survivors (10240K)
 Metaspace       used 171236K, committed 172544K, reserved 1245184K
  class space    used 21191K, committed 21760K, reserved 1048576K
GC Heap History (20 events):
Event: 1176.564 GC heap after
{Heap after GC invocations=189 (full 6):
 garbage-first heap   total 315392K, used 124882K [0x0000000703800000, 0x0000000800000000)
  region size 2048K, 5 young (10240K), 5 survivors (10240K)
 Metaspace       used 166573K, committed 168064K, reserved 1245184K
  class space    used 20756K, committed 21440K, reserved 1048576K
}
Event: 1190.699 GC heap before
{Heap before GC invocations=189 (full 6):
 garbage-first heap   total 315392K, used 157650K [0x0000000703800000, 0x0000000800000000)
  region size 2048K, 22 young (45056K), 5 survivors (10240K)
 Metaspace       used 166575K, committed 168064K, reserved 1245184K
  class space    used 20756K, committed 21440K, reserved 1048576K
}
Event: 1190.704 GC heap after
{Heap after GC invocations=190 (full 6):
 garbage-first heap   total 315392K, used 125168K [0x0000000703800000, 0x0000000800000000)
  region size 2048K, 5 young (10240K), 5 survivors (10240K)
 Metaspace       used 166575K, committed 168064K, reserved 1245184K
  class space    used 20756K, committed 21440K, reserved 1048576K
}
Event: 1257.244 GC heap before
{Heap before GC invocations=191 (full 6):
 garbage-first heap   total 315392K, used 282864K [0x0000000703800000, 0x0000000800000000)
  region size 2048K, 82 young (167936K), 5 survivors (10240K)
 Metaspace       used 166517K, committed 168128K, reserved 1245184K
  class space    used 20741K, committed 21440K, reserved 1048576K
}
Event: 1257.249 GC heap after
{Heap after GC invocations=192 (full 6):
 garbage-first heap   total 315392K, used 125476K [0x0000000703800000, 0x0000000800000000)
  region size 2048K, 5 young (10240K), 5 survivors (10240K)
 Metaspace       used 166517K, committed 168128K, reserved 1245184K
  class space    used 20741K, committed 21440K, reserved 1048576K
}
Event: 1298.567 GC heap before
{Heap before GC invocations=192 (full 6):
 garbage-first heap   total 315392K, used 229924K [0x0000000703800000, 0x0000000800000000)
  region size 2048K, 57 young (116736K), 5 survivors (10240K)
 Metaspace       used 166525K, committed 168128K, reserved 1245184K
  class space    used 20742K, committed 21440K, reserved 1048576K
}
Event: 1298.636 GC heap after
{Heap after GC invocations=193 (full 7):
 garbage-first heap   total 294912K, used 83207K [0x0000000703800000, 0x0000000800000000)
  region size 2048K, 0 young (0K), 0 survivors (0K)
 Metaspace       used 166385K, committed 168128K, reserved 1245184K
  class space    used 20708K, committed 21440K, reserved 1048576K
}
Event: 1300.828 GC heap before
{Heap before GC invocations=193 (full 7):
 garbage-first heap   total 294912K, used 238855K [0x0000000703800000, 0x0000000800000000)
  region size 2048K, 78 young (159744K), 0 survivors (0K)
 Metaspace       used 167981K, committed 169344K, reserved 1245184K
  class space    used 20890K, committed 21504K, reserved 1048576K
}
Event: 1300.833 GC heap after
{Heap after GC invocations=194 (full 7):
 garbage-first heap   total 294912K, used 93447K [0x0000000703800000, 0x0000000800000000)
  region size 2048K, 5 young (10240K), 5 survivors (10240K)
 Metaspace       used 167981K, committed 169344K, reserved 1245184K
  class space    used 20890K, committed 21504K, reserved 1048576K
}
Event: 1301.358 GC heap before
{Heap before GC invocations=195 (full 7):
 garbage-first heap   total 294912K, used 138503K [0x0000000703800000, 0x0000000800000000)
  region size 2048K, 28 young (57344K), 5 survivors (10240K)
 Metaspace       used 167898K, committed 169344K, reserved 1245184K
  class space    used 20858K, committed 21504K, reserved 1048576K
}
Event: 1301.364 GC heap after
{Heap after GC invocations=196 (full 7):
 garbage-first heap   total 294912K, used 97038K [0x0000000703800000, 0x0000000800000000)
  region size 2048K, 7 young (14336K), 7 survivors (14336K)
 Metaspace       used 167898K, committed 169344K, reserved 1245184K
  class space    used 20858K, committed 21504K, reserved 1048576K
}
Event: 1320.098 GC heap before
{Heap before GC invocations=197 (full 7):
 garbage-first heap   total 294912K, used 258830K [0x0000000703800000, 0x0000000800000000)
  region size 2048K, 86 young (176128K), 7 survivors (14336K)
 Metaspace       used 168750K, committed 170048K, reserved 1245184K
  class space    used 20944K, committed 21504K, reserved 1048576K
}
Event: 1320.105 GC heap after
{Heap after GC invocations=198 (full 7):
 garbage-first heap   total 294912K, used 98986K [0x0000000703800000, 0x0000000800000000)
  region size 2048K, 4 young (8192K), 4 survivors (8192K)
 Metaspace       used 168750K, committed 170048K, reserved 1245184K
  class space    used 20944K, committed 21504K, reserved 1048576K
}
Event: 1332.427 GC heap before
{Heap before GC invocations=198 (full 7):
 garbage-first heap   total 294912K, used 240298K [0x0000000703800000, 0x0000000800000000)
  region size 2048K, 75 young (153600K), 4 survivors (8192K)
 Metaspace       used 170236K, committed 171520K, reserved 1245184K
  class space    used 21101K, committed 21696K, reserved 1048576K
}
Event: 1332.433 GC heap after
{Heap after GC invocations=199 (full 7):
 garbage-first heap   total 294912K, used 106948K [0x0000000703800000, 0x0000000800000000)
  region size 2048K, 8 young (16384K), 8 survivors (16384K)
 Metaspace       used 170236K, committed 171520K, reserved 1245184K
  class space    used 21101K, committed 21696K, reserved 1048576K
}
Event: 1333.402 GC heap before
{Heap before GC invocations=200 (full 7):
 garbage-first heap   total 294912K, used 255960K [0x0000000703800000, 0x0000000800000000)
  region size 2048K, 81 young (165888K), 8 survivors (16384K)
 Metaspace       used 170837K, committed 172160K, reserved 1245184K
  class space    used 21166K, committed 21760K, reserved 1048576K
}
Event: 1333.410 GC heap after
{Heap after GC invocations=201 (full 7):
 garbage-first heap   total 294912K, used 112515K [0x0000000703800000, 0x0000000800000000)
  region size 2048K, 8 young (16384K), 8 survivors (16384K)
 Metaspace       used 170837K, committed 172160K, reserved 1245184K
  class space    used 21166K, committed 21760K, reserved 1048576K
}
Event: 1372.383 GC heap before
{Heap before GC invocations=201 (full 7):
 garbage-first heap   total 294912K, used 257923K [0x0000000703800000, 0x0000000800000000)
  region size 2048K, 79 young (161792K), 8 survivors (16384K)
 Metaspace       used 171227K, committed 172544K, reserved 1245184K
  class space    used 21191K, committed 21760K, reserved 1048576K
}
Event: 1372.390 GC heap after
{Heap after GC invocations=202 (full 7):
 garbage-first heap   total 294912K, used 114803K [0x0000000703800000, 0x0000000800000000)
  region size 2048K, 5 young (10240K), 5 survivors (10240K)
 Metaspace       used 171227K, committed 172544K, reserved 1245184K
  class space    used 21191K, committed 21760K, reserved 1048576K
}
Event: 1437.102 GC heap before
{Heap before GC invocations=202 (full 7):
 garbage-first heap   total 294912K, used 266355K [0x0000000703800000, 0x0000000800000000)
  region size 2048K, 79 young (161792K), 5 survivors (10240K)
 Metaspace       used 171236K, committed 172544K, reserved 1245184K
  class space    used 21191K, committed 21760K, reserved 1048576K
}

