# JRE version: OpenJDK Runtime Environment Temurin-21.0.5+11 (21.0.5+11) (build 21.0.5+11-LTS)
# Java VM: OpenJDK 64-Bit Server VM Temurin-21.0.5+11 (21.0.5+11-LTS, mixed mode, emulated-client, sharing, tiered, compressed oops, compressed class ptrs, g1 gc, windows-amd64)
GC Precious Log:
 CardTable entry size: 512
 Card Set container configuration: InlinePtr #cards 4 size 8 Array Of Cards #cards 16 size 48 Howl #buckets 8 coarsen threshold 3686 Howl Bitmap #cards 512 size 80 coarsen threshold 460 Card regions per heap region 1 cards per card region 4096
 CPUs: 6 total, 6 available
 Memory: 16158M
 Large Page Support: Disabled
 NUMA Support: Disabled
 Compressed Oops: Enabled (Zero based)
 Heap Region Size: 2M
 Heap Min Capacity: 8M
 Heap Initial Capacity: 254M
 Heap Max Capacity: 4040M
 Pre-touch: Disabled
 Parallel Workers: 6
 Concurrent Workers: 2
 Concurrent Refinement Workers: 6
 Periodic GC: Disabled
Heap:
 garbage-first heap   total 192512K, used 89373K [0x0000000703800000, 0x0000000800000000)
  region size 2048K, 9 young (18432K), 4 survivors (8192K)
 Metaspace       used 120692K, committed 121792K, reserved 1179648K
  class space    used 15889K, committed 16384K, reserved 1048576K
GC Heap History (20 events):
Event: 7115.650 GC heap before
{Heap before GC invocations=239 (full 11):
 garbage-first heap   total 219136K, used 101774K [0x0000000703800000, 0x0000000800000000)
  region size 2048K, 14 young (28672K), 3 survivors (6144K)
 Metaspace       used 116449K, committed 117504K, reserved 1179648K
  class space    used 15426K, committed 15936K, reserved 1048576K
}
Event: 7115.666 GC heap after
{Heap after GC invocations=240 (full 11):
 garbage-first heap   total 219136K, used 82364K [0x0000000703800000, 0x0000000800000000)
  region size 2048K, 4 young (8192K), 4 survivors (8192K)
 Metaspace       used 116449K, committed 117504K, reserved 1179648K
  class space    used 15426K, committed 15936K, reserved 1048576K
}
Event: 7568.303 GC heap before
{Heap before GC invocations=241 (full 11):
 garbage-first heap   total 219136K, used 195004K [0x0000000703800000, 0x0000000800000000)
  region size 2048K, 59 young (120832K), 4 survivors (8192K)
 Metaspace       used 116510K, committed 117568K, reserved 1179648K
  class space    used 15441K, committed 15936K, reserved 1048576K
}
Event: 7568.308 GC heap after
{Heap after GC invocations=242 (full 11):
 garbage-first heap   total 219136K, used 82966K [0x0000000703800000, 0x0000000800000000)
  region size 2048K, 4 young (8192K), 4 survivors (8192K)
 Metaspace       used 116510K, committed 117568K, reserved 1179648K
  class space    used 15441K, committed 15936K, reserved 1048576K
}
Event: 8053.541 GC heap before
{Heap before GC invocations=242 (full 11):
 garbage-first heap   total 219136K, used 193558K [0x0000000703800000, 0x0000000800000000)
  region size 2048K, 59 young (120832K), 4 survivors (8192K)
 Metaspace       used 116514K, committed 117568K, reserved 1179648K
  class space    used 15442K, committed 15936K, reserved 1048576K
}
Event: 8053.545 GC heap after
{Heap after GC invocations=243 (full 11):
 garbage-first heap   total 219136K, used 78624K [0x0000000703800000, 0x0000000800000000)
  region size 2048K, 4 young (8192K), 4 survivors (8192K)
 Metaspace       used 116514K, committed 117568K, reserved 1179648K
  class space    used 15442K, committed 15936K, reserved 1048576K
}
Event: 8390.996 GC heap before
{Heap before GC invocations=243 (full 11):
 garbage-first heap   total 219136K, used 162592K [0x0000000703800000, 0x0000000800000000)
  region size 2048K, 46 young (94208K), 4 survivors (8192K)
 Metaspace       used 116527K, committed 117568K, reserved 1179648K
  class space    used 15443K, committed 15936K, reserved 1048576K
}
Event: 8391.058 GC heap after
{Heap after GC invocations=244 (full 12):
 garbage-first heap   total 192512K, used 53178K [0x0000000703800000, 0x0000000800000000)
  region size 2048K, 0 young (0K), 0 survivors (0K)
 Metaspace       used 116350K, committed 117568K, reserved 1179648K
  class space    used 15399K, committed 15936K, reserved 1048576K
}
Event: 8392.700 GC heap before
{Heap before GC invocations=244 (full 12):
 garbage-first heap   total 192512K, used 165818K [0x0000000703800000, 0x0000000800000000)
  region size 2048K, 56 young (114688K), 0 survivors (0K)
 Metaspace       used 117759K, committed 118784K, reserved 1179648K
  class space    used 15578K, committed 16064K, reserved 1048576K
}
Event: 8392.705 GC heap after
{Heap after GC invocations=245 (full 12):
 garbage-first heap   total 192512K, used 63117K [0x0000000703800000, 0x0000000800000000)
  region size 2048K, 5 young (10240K), 5 survivors (10240K)
 Metaspace       used 117759K, committed 118784K, reserved 1179648K
  class space    used 15578K, committed 16064K, reserved 1048576K
}
Event: 8393.363 GC heap before
{Heap before GC invocations=246 (full 12):
 garbage-first heap   total 192512K, used 110221K [0x0000000703800000, 0x0000000800000000)
  region size 2048K, 29 young (59392K), 5 survivors (10240K)
 Metaspace       used 117885K, committed 118912K, reserved 1179648K
  class space    used 15598K, committed 16064K, reserved 1048576K
}
Event: 8393.368 GC heap after
{Heap after GC invocations=247 (full 12):
 garbage-first heap   total 192512K, used 66479K [0x0000000703800000, 0x0000000800000000)
  region size 2048K, 2 young (4096K), 2 survivors (4096K)
 Metaspace       used 117885K, committed 118912K, reserved 1179648K
  class space    used 15598K, committed 16064K, reserved 1048576K
}
Event: 8408.142 GC heap before
{Heap before GC invocations=248 (full 12):
 garbage-first heap   total 192512K, used 170927K [0x0000000703800000, 0x0000000800000000)
  region size 2048K, 53 young (108544K), 2 survivors (4096K)
 Metaspace       used 118629K, committed 119680K, reserved 1179648K
  class space    used 15660K, committed 16128K, reserved 1048576K
}
Event: 8408.145 GC heap after
{Heap after GC invocations=249 (full 12):
 garbage-first heap   total 192512K, used 70227K [0x0000000703800000, 0x0000000800000000)
  region size 2048K, 4 young (8192K), 4 survivors (8192K)
 Metaspace       used 118629K, committed 119680K, reserved 1179648K
  class space    used 15660K, committed 16128K, reserved 1048576K
}
Event: 8420.375 GC heap before
{Heap before GC invocations=249 (full 12):
 garbage-first heap   total 192512K, used 166483K [0x0000000703800000, 0x0000000800000000)
  region size 2048K, 51 young (104448K), 4 survivors (8192K)
 Metaspace       used 119977K, committed 121088K, reserved 1179648K
  class space    used 15813K, committed 16320K, reserved 1048576K
}
Event: 8420.382 GC heap after
{Heap after GC invocations=250 (full 12):
 garbage-first heap   total 192512K, used 77297K [0x0000000703800000, 0x0000000800000000)
  region size 2048K, 6 young (12288K), 6 survivors (12288K)
 Metaspace       used 119977K, committed 121088K, reserved 1179648K
  class space    used 15813K, committed 16320K, reserved 1048576K
}
Event: 8421.057 GC heap before
{Heap before GC invocations=250 (full 12):
 garbage-first heap   total 192512K, used 134641K [0x0000000703800000, 0x0000000800000000)
  region size 2048K, 36 young (73728K), 6 survivors (12288K)
 Metaspace       used 120208K, committed 121280K, reserved 1179648K
  class space    used 15835K, committed 16320K, reserved 1048576K
}
Event: 8421.063 GC heap after
{Heap after GC invocations=251 (full 12):
 garbage-first heap   total 192512K, used 80619K [0x0000000703800000, 0x0000000800000000)
  region size 2048K, 6 young (12288K), 6 survivors (12288K)
 Metaspace       used 120208K, committed 121280K, reserved 1179648K
  class space    used 15835K, committed 16320K, reserved 1048576K
}
Event: 8421.407 GC heap before
{Heap before GC invocations=252 (full 12):
 garbage-first heap   total 192512K, used 162539K [0x0000000703800000, 0x0000000800000000)
  region size 2048K, 46 young (94208K), 6 survivors (12288K)
 Metaspace       used 120689K, committed 121792K, reserved 1179648K
  class space    used 15889K, committed 16384K, reserved 1048576K
}
Event: 8421.412 GC heap after
{Heap after GC invocations=253 (full 12):
 garbage-first heap   total 192512K, used 83229K [0x0000000703800000, 0x0000000800000000)
  region size 2048K, 4 young (8192K), 4 survivors (8192K)
 Metaspace       used 120689K, committed 121792K, reserved 1179648K
  class space    used 15889K, committed 16384K, reserved 1048576K
}

